<?xml version="1.0" encoding="UTF-8"?>
<!-- Generated by org.testng.reporters.JUnitReportReporter -->
<testsuite hostname="LAPTOP-M9V0LIL4" failures="0" tests="1" name="com.inetbanking.TestCases.TC_AddCustomerTest_003" time="24.343" errors="0" timestamp="10 Dec 2020 11:44:11 GMT" skipped="0">
  <testcase classname="com.inetbanking.TestCases.TC_AddCustomerTest_003" name="AddNewCust" time="24.343"/>
</testsuite> <!-- com.inetbanking.TestCases.TC_AddCustomerTest_003 -->
