<?xml version="1.0" encoding="UTF-8"?>
<!-- Generated by org.testng.reporters.JUnitReportReporter -->
<testsuite hostname="LAPTOP-M9V0LIL4" failures="0" tests="1" name="com.inetbanking.TestCases.LoginTest_001" time="32.277" errors="0" timestamp="10 Dec 2020 11:44:11 GMT" skipped="0">
  <testcase classname="com.inetbanking.TestCases.LoginTest_001" name="loginTest" time="32.277"/>
</testsuite> <!-- com.inetbanking.TestCases.LoginTest_001 -->
