<?xml version="1.0" encoding="UTF-8"?>
<!-- Generated by org.testng.reporters.JUnitReportReporter -->
<testsuite hostname="LAPTOP-M9V0LIL4" failures="0" tests="1" name="com.inetbanking.TestCases.TC_AddCustomerTest_003" time="24.569" errors="0" timestamp="13 Dec 2020 11:54:27 GMT" skipped="0">
  <testcase classname="com.inetbanking.TestCases.TC_AddCustomerTest_003" name="AddNewCust" time="24.569"/>
</testsuite> <!-- com.inetbanking.TestCases.TC_AddCustomerTest_003 -->
